--------------- Build Started: 03/06/2019 08:21:49 Project: Design01, Configuration: ARM GCC 5.4-2016-q2-update Debug ---------------
cydsfit.exe -.appdatapath "C:\Users\jefer\AppData\Local\Cypress Semiconductor\PSoC Creator\4.2" -.fdsnotice -.fdswarpdepfile=warp_dependencies.txt -.fdselabdepfile=elab_dependencies.txt -.fdsbldfile=generated_files.txt -.fdsreffile=referenced_files.txt -p "C:\Users\jefer\OneDrive\Documentos\PSoC Creator\Workspace01\Design01.cydsn\Design01.cyprj" -d CY8C5888LTI-LP097 -s "C:\Users\jefer\OneDrive\Documentos\PSoC Creator\Workspace01\Design01.cydsn\Generated_Source\PSoC5" -- -yv2 -q10 -ygs -o2 -v3 -.fftcfgtype=LE
Elaborating Design...
HDL Generation...
Synthesis...
Tech Mapping...
Info: plm.M0038: The pin named \LCD:LCDPort(0)\ at location P12[0] prevents usage of special purposes: I2C:SCL. (App=cydsfit)
Info: plm.M0038: The pin named \LCD:LCDPort(4)\ at location P12[4] prevents usage of special purposes: I2C:SCL. (App=cydsfit)
Analog Placement...
Log: apr.M0058: The analog placement iterative improvement is 49% done. (App=cydsfit)
Analog Routing...
Analog Code Generation...
Digital Placement...
Digital Routing...
Bitstream Generation...
Bitstream Verification...
Static timing analysis...
API Generation...
Dependency Generation...
Cleanup...
--------------- Build Succeeded: 03/06/2019 08:22:07 ---------------
