ARM GAS  C:\Users\jefer\AppData\Local\Temp\ccBWP8td.s 			page 1


   1              		.syntax unified
   2              		.cpu cortex-m3
   3              		.fpu softvfp
   4              		.eabi_attribute 20, 1
   5              		.eabi_attribute 21, 1
   6              		.eabi_attribute 23, 3
   7              		.eabi_attribute 24, 1
   8              		.eabi_attribute 25, 1
   9              		.eabi_attribute 26, 1
  10              		.eabi_attribute 30, 1
  11              		.eabi_attribute 34, 1
  12              		.eabi_attribute 18, 4
  13              		.thumb
  14              		.syntax unified
  15              		.file	"cymetadata.c"
  16              		.text
  17              	.Ltext0:
  18              		.cfi_sections	.debug_frame
  19              		.global	cy_metadata
  20              		.global	cy_meta_flashprotect
  21              		.global	cy_meta_wonvl
  22              		.global	cy_meta_custnvl
  23              		.global	cy_meta_configecc
  24              		.section	.cyconfigecc,"a",%progbits
  25              		.align	2
  26              		.type	cy_meta_configecc, %object
  27              		.size	cy_meta_configecc, 1252
  28              	cy_meta_configecc:
  29 0000 01       		.byte	1
  30 0001 45       		.byte	69
  31 0002 00       		.byte	0
  32 0003 40       		.byte	64
  33 0004 04       		.byte	4
  34 0005 52       		.byte	82
  35 0006 00       		.byte	0
  36 0007 40       		.byte	64
  37 0008 01       		.byte	1
  38 0009 64       		.byte	100
  39 000a 00       		.byte	0
  40 000b 40       		.byte	64
  41 000c 03       		.byte	3
  42 000d 65       		.byte	101
  43 000e 00       		.byte	0
  44 000f 40       		.byte	64
  45 0010 01       		.byte	1
  46 0011 05       		.byte	5
  47 0012 01       		.byte	1
  48 0013 40       		.byte	64
  49 0014 51       		.byte	81
  50 0015 06       		.byte	6
  51 0016 01       		.byte	1
  52 0017 40       		.byte	64
  53 0018 36       		.byte	54
  54 0019 07       		.byte	7
  55 001a 01       		.byte	1
  56 001b 40       		.byte	64
  57 001c 02       		.byte	2
ARM GAS  C:\Users\jefer\AppData\Local\Temp\ccBWP8td.s 			page 2


  58 001d 09       		.byte	9
  59 001e 01       		.byte	1
  60 001f 40       		.byte	64
  61 0020 01       		.byte	1
  62 0021 0B       		.byte	11
  63 0022 01       		.byte	1
  64 0023 40       		.byte	64
  65 0024 12       		.byte	18
  66 0025 14       		.byte	20
  67 0026 01       		.byte	1
  68 0027 40       		.byte	64
  69 0028 41       		.byte	65
  70 0029 15       		.byte	21
  71 002a 01       		.byte	1
  72 002b 40       		.byte	64
  73 002c 59       		.byte	89
  74 002d 16       		.byte	22
  75 002e 01       		.byte	1
  76 002f 40       		.byte	64
  77 0030 45       		.byte	69
  78 0031 17       		.byte	23
  79 0032 01       		.byte	1
  80 0033 40       		.byte	64
  81 0034 01       		.byte	1
  82 0035 19       		.byte	25
  83 0036 01       		.byte	1
  84 0037 40       		.byte	64
  85 0038 01       		.byte	1
  86 0039 1B       		.byte	27
  87 003a 01       		.byte	1
  88 003b 40       		.byte	64
  89 003c 05       		.byte	5
  90 003d 40       		.byte	64
  91 003e 01       		.byte	1
  92 003f 40       		.byte	64
  93 0040 05       		.byte	5
  94 0041 41       		.byte	65
  95 0042 01       		.byte	1
  96 0043 40       		.byte	64
  97 0044 06       		.byte	6
  98 0045 42       		.byte	66
  99 0046 01       		.byte	1
 100 0047 40       		.byte	64
 101 0048 05       		.byte	5
 102 0049 43       		.byte	67
 103 004a 01       		.byte	1
 104 004b 40       		.byte	64
 105 004c 0B       		.byte	11
 106 004d 45       		.byte	69
 107 004e 01       		.byte	1
 108 004f 40       		.byte	64
 109 0050 09       		.byte	9
 110 0051 46       		.byte	70
 111 0052 01       		.byte	1
 112 0053 40       		.byte	64
 113 0054 09       		.byte	9
 114 0055 47       		.byte	71
ARM GAS  C:\Users\jefer\AppData\Local\Temp\ccBWP8td.s 			page 3


 115 0056 01       		.byte	1
 116 0057 40       		.byte	64
 117 0058 04       		.byte	4
 118 0059 48       		.byte	72
 119 005a 01       		.byte	1
 120 005b 40       		.byte	64
 121 005c 09       		.byte	9
 122 005d 49       		.byte	73
 123 005e 01       		.byte	1
 124 005f 40       		.byte	64
 125 0060 0C       		.byte	12
 126 0061 4C       		.byte	76
 127 0062 01       		.byte	1
 128 0063 40       		.byte	64
 129 0064 01       		.byte	1
 130 0065 4D       		.byte	77
 131 0066 01       		.byte	1
 132 0067 40       		.byte	64
 133 0068 04       		.byte	4
 134 0069 50       		.byte	80
 135 006a 01       		.byte	1
 136 006b 40       		.byte	64
 137 006c 02       		.byte	2
 138 006d 51       		.byte	81
 139 006e 01       		.byte	1
 140 006f 40       		.byte	64
 141 0070 15       		.byte	21
 142 0071 01       		.byte	1
 143 0072 10       		.byte	16
 144 0073 06       		.byte	6
 145 0074 11       		.byte	17
 146 0075 05       		.byte	5
 147 0076 19       		.byte	25
 148 0077 02       		.byte	2
 149 0078 1C       		.byte	28
 150 0079 01       		.byte	1
 151 007a 87       		.byte	-121
 152 007b 0F       		.byte	15
 153 007c 84       		.byte	-124
 154 007d 72       		.byte	114
 155 007e 85       		.byte	-123
 156 007f 0F       		.byte	15
 157 0080 87       		.byte	-121
 158 0081 38       		.byte	56
 159 0082 EA       		.byte	-22
 160 0083 02       		.byte	2
 161 0084 01       		.byte	1
 162 0085 28       		.byte	40
 163 0086 04       		.byte	4
 164 0087 01       		.byte	1
 165 0088 0B       		.byte	11
 166 0089 06       		.byte	6
 167 008a 0F       		.byte	15
 168 008b 01       		.byte	1
 169 008c 11       		.byte	17
 170 008d 38       		.byte	56
 171 008e 13       		.byte	19
ARM GAS  C:\Users\jefer\AppData\Local\Temp\ccBWP8td.s 			page 4


 172 008f 04       		.byte	4
 173 0090 15       		.byte	21
 174 0091 18       		.byte	24
 175 0092 16       		.byte	22
 176 0093 04       		.byte	4
 177 0094 17       		.byte	23
 178 0095 22       		.byte	34
 179 0096 1E       		.byte	30
 180 0097 07       		.byte	7
 181 0098 21       		.byte	33
 182 0099 12       		.byte	18
 183 009a 23       		.byte	35
 184 009b 20       		.byte	32
 185 009c 24       		.byte	36
 186 009d 08       		.byte	8
 187 009e 25       		.byte	37
 188 009f 20       		.byte	32
 189 00a0 29       		.byte	41
 190 00a1 20       		.byte	32
 191 00a2 2B       		.byte	43
 192 00a3 18       		.byte	24
 193 00a4 30       		.byte	48
 194 00a5 04       		.byte	4
 195 00a6 32       		.byte	50
 196 00a7 02       		.byte	2
 197 00a8 34       		.byte	52
 198 00a9 08       		.byte	8
 199 00aa 35       		.byte	53
 200 00ab 3E       		.byte	62
 201 00ac 36       		.byte	54
 202 00ad 01       		.byte	1
 203 00ae 37       		.byte	55
 204 00af 01       		.byte	1
 205 00b0 3E       		.byte	62
 206 00b1 10       		.byte	16
 207 00b2 58       		.byte	88
 208 00b3 04       		.byte	4
 209 00b4 59       		.byte	89
 210 00b5 04       		.byte	4
 211 00b6 5C       		.byte	92
 212 00b7 01       		.byte	1
 213 00b8 5F       		.byte	95
 214 00b9 01       		.byte	1
 215 00ba 86       		.byte	-122
 216 00bb 08       		.byte	8
 217 00bc 87       		.byte	-121
 218 00bd 01       		.byte	1
 219 00be 8A       		.byte	-118
 220 00bf 02       		.byte	2
 221 00c0 8D       		.byte	-115
 222 00c1 04       		.byte	4
 223 00c2 8E       		.byte	-114
 224 00c3 08       		.byte	8
 225 00c4 92       		.byte	-110
 226 00c5 01       		.byte	1
 227 00c6 94       		.byte	-108
 228 00c7 01       		.byte	1
ARM GAS  C:\Users\jefer\AppData\Local\Temp\ccBWP8td.s 			page 5


 229 00c8 9A       		.byte	-102
 230 00c9 04       		.byte	4
 231 00ca 9B       		.byte	-101
 232 00cb 07       		.byte	7
 233 00cc 9C       		.byte	-100
 234 00cd 01       		.byte	1
 235 00ce A2       		.byte	-94
 236 00cf 02       		.byte	2
 237 00d0 AA       		.byte	-86
 238 00d1 04       		.byte	4
 239 00d2 AE       		.byte	-82
 240 00d3 01       		.byte	1
 241 00d4 AF       		.byte	-81
 242 00d5 08       		.byte	8
 243 00d6 B0       		.byte	-80
 244 00d7 08       		.byte	8
 245 00d8 B1       		.byte	-79
 246 00d9 02       		.byte	2
 247 00da B2       		.byte	-78
 248 00db 01       		.byte	1
 249 00dc B3       		.byte	-77
 250 00dd 08       		.byte	8
 251 00de B4       		.byte	-76
 252 00df 02       		.byte	2
 253 00e0 B5       		.byte	-75
 254 00e1 04       		.byte	4
 255 00e2 B6       		.byte	-74
 256 00e3 04       		.byte	4
 257 00e4 B7       		.byte	-73
 258 00e5 01       		.byte	1
 259 00e6 B8       		.byte	-72
 260 00e7 08       		.byte	8
 261 00e8 BE       		.byte	-66
 262 00e9 51       		.byte	81
 263 00ea C0       		.byte	-64
 264 00eb 30       		.byte	48
 265 00ec C1       		.byte	-63
 266 00ed 06       		.byte	6
 267 00ee C5       		.byte	-59
 268 00ef D5       		.byte	-43
 269 00f0 C6       		.byte	-58
 270 00f1 01       		.byte	1
 271 00f2 C7       		.byte	-57
 272 00f3 02       		.byte	2
 273 00f4 C8       		.byte	-56
 274 00f5 17       		.byte	23
 275 00f6 C9       		.byte	-55
 276 00f7 FF       		.byte	-1
 277 00f8 CA       		.byte	-54
 278 00f9 FF       		.byte	-1
 279 00fa CB       		.byte	-53
 280 00fb FF       		.byte	-1
 281 00fc CD       		.byte	-51
 282 00fd A0       		.byte	-96
 283 00fe CF       		.byte	-49
 284 00ff 04       		.byte	4
 285 0100 D0       		.byte	-48
ARM GAS  C:\Users\jefer\AppData\Local\Temp\ccBWP8td.s 			page 6


 286 0101 18       		.byte	24
 287 0102 D2       		.byte	-46
 288 0103 80       		.byte	-128
 289 0104 D4       		.byte	-44
 290 0105 07       		.byte	7
 291 0106 D8       		.byte	-40
 292 0107 04       		.byte	4
 293 0108 D9       		.byte	-39
 294 0109 04       		.byte	4
 295 010a DA       		.byte	-38
 296 010b 04       		.byte	4
 297 010c DB       		.byte	-37
 298 010d 04       		.byte	4
 299 010e DC       		.byte	-36
 300 010f 10       		.byte	16
 301 0110 DD       		.byte	-35
 302 0111 11       		.byte	17
 303 0112 DF       		.byte	-33
 304 0113 01       		.byte	1
 305 0114 E0       		.byte	-32
 306 0115 40       		.byte	64
 307 0116 E2       		.byte	-30
 308 0117 C0       		.byte	-64
 309 0118 E4       		.byte	-28
 310 0119 40       		.byte	64
 311 011a E5       		.byte	-27
 312 011b 40       		.byte	64
 313 011c E6       		.byte	-26
 314 011d C0       		.byte	-64
 315 011e E8       		.byte	-24
 316 011f C0       		.byte	-64
 317 0120 EA       		.byte	-22
 318 0121 C0       		.byte	-64
 319 0122 EC       		.byte	-20
 320 0123 C0       		.byte	-64
 321 0124 EE       		.byte	-18
 322 0125 C0       		.byte	-64
 323 0126 00       		.byte	0
 324 0127 08       		.byte	8
 325 0128 02       		.byte	2
 326 0129 02       		.byte	2
 327 012a 03       		.byte	3
 328 012b 08       		.byte	8
 329 012c 05       		.byte	5
 330 012d 04       		.byte	4
 331 012e 08       		.byte	8
 332 012f 88       		.byte	-120
 333 0130 0A       		.byte	10
 334 0131 88       		.byte	-120
 335 0132 0C       		.byte	12
 336 0133 80       		.byte	-128
 337 0134 0D       		.byte	13
 338 0135 04       		.byte	4
 339 0136 10       		.byte	16
 340 0137 08       		.byte	8
 341 0138 12       		.byte	18
 342 0139 40       		.byte	64
ARM GAS  C:\Users\jefer\AppData\Local\Temp\ccBWP8td.s 			page 7


 343 013a 13       		.byte	19
 344 013b 40       		.byte	64
 345 013c 17       		.byte	23
 346 013d 08       		.byte	8
 347 013e 18       		.byte	24
 348 013f 06       		.byte	6
 349 0140 1B       		.byte	27
 350 0141 09       		.byte	9
 351 0142 1D       		.byte	29
 352 0143 54       		.byte	84
 353 0144 1F       		.byte	31
 354 0145 01       		.byte	1
 355 0146 20       		.byte	32
 356 0147 40       		.byte	64
 357 0148 21       		.byte	33
 358 0149 84       		.byte	-124
 359 014a 22       		.byte	34
 360 014b 14       		.byte	20
 361 014c 25       		.byte	37
 362 014d 10       		.byte	16
 363 014e 26       		.byte	38
 364 014f 80       		.byte	-128
 365 0150 27       		.byte	39
 366 0151 08       		.byte	8
 367 0152 2A       		.byte	42
 368 0153 80       		.byte	-128
 369 0154 2E       		.byte	46
 370 0155 10       		.byte	16
 371 0156 2F       		.byte	47
 372 0157 50       		.byte	80
 373 0158 30       		.byte	48
 374 0159 20       		.byte	32
 375 015a 36       		.byte	54
 376 015b 08       		.byte	8
 377 015c 37       		.byte	55
 378 015d 02       		.byte	2
 379 015e 38       		.byte	56
 380 015f 40       		.byte	64
 381 0160 39       		.byte	57
 382 0161 08       		.byte	8
 383 0162 3D       		.byte	61
 384 0163 62       		.byte	98
 385 0164 41       		.byte	65
 386 0165 04       		.byte	4
 387 0166 48       		.byte	72
 388 0167 28       		.byte	40
 389 0168 49       		.byte	73
 390 0169 01       		.byte	1
 391 016a 50       		.byte	80
 392 016b 88       		.byte	-120
 393 016c 59       		.byte	89
 394 016d 49       		.byte	73
 395 016e 5A       		.byte	90
 396 016f 20       		.byte	32
 397 0170 72       		.byte	114
 398 0171 80       		.byte	-128
 399 0172 80       		.byte	-128
ARM GAS  C:\Users\jefer\AppData\Local\Temp\ccBWP8td.s 			page 8


 400 0173 01       		.byte	1
 401 0174 81       		.byte	-127
 402 0175 08       		.byte	8
 403 0176 84       		.byte	-124
 404 0177 80       		.byte	-128
 405 0178 85       		.byte	-123
 406 0179 20       		.byte	32
 407 017a 8D       		.byte	-115
 408 017b 90       		.byte	-112
 409 017c C0       		.byte	-64
 410 017d 27       		.byte	39
 411 017e C2       		.byte	-62
 412 017f AF       		.byte	-81
 413 0180 C4       		.byte	-60
 414 0181 2B       		.byte	43
 415 0182 CA       		.byte	-54
 416 0183 E8       		.byte	-24
 417 0184 CC       		.byte	-52
 418 0185 C4       		.byte	-60
 419 0186 CE       		.byte	-50
 420 0187 BA       		.byte	-70
 421 0188 D0       		.byte	-48
 422 0189 02       		.byte	2
 423 018a D2       		.byte	-46
 424 018b 04       		.byte	4
 425 018c D6       		.byte	-42
 426 018d 0F       		.byte	15
 427 018e E2       		.byte	-30
 428 018f 40       		.byte	64
 429 0190 EE       		.byte	-18
 430 0191 04       		.byte	4
 431 0192 E0       		.byte	-32
 432 0193 10       		.byte	16
 433 0194 EE       		.byte	-18
 434 0195 04       		.byte	4
 435 0196 EA       		.byte	-22
 436 0197 02       		.byte	2
 437 0198 C0       		.byte	-64
 438 0199 32       		.byte	50
 439 019a C1       		.byte	-63
 440 019b 06       		.byte	6
 441 019c C5       		.byte	-59
 442 019d EC       		.byte	-20
 443 019e C7       		.byte	-57
 444 019f BE       		.byte	-66
 445 01a0 C8       		.byte	-56
 446 01a1 33       		.byte	51
 447 01a2 C9       		.byte	-55
 448 01a3 FF       		.byte	-1
 449 01a4 CA       		.byte	-54
 450 01a5 FF       		.byte	-1
 451 01a6 CB       		.byte	-53
 452 01a7 FF       		.byte	-1
 453 01a8 CE       		.byte	-50
 454 01a9 F0       		.byte	-16
 455 01aa CF       		.byte	-49
 456 01ab 44       		.byte	68
ARM GAS  C:\Users\jefer\AppData\Local\Temp\ccBWP8td.s 			page 9


 457 01ac D0       		.byte	-48
 458 01ad 0C       		.byte	12
 459 01ae D4       		.byte	-44
 460 01af 01       		.byte	1
 461 01b0 DA       		.byte	-38
 462 01b1 04       		.byte	4
 463 01b2 DB       		.byte	-37
 464 01b3 04       		.byte	4
 465 01b4 DF       		.byte	-33
 466 01b5 01       		.byte	1
 467 01b6 E6       		.byte	-26
 468 01b7 C0       		.byte	-64
 469 01b8 EA       		.byte	-22
 470 01b9 40       		.byte	64
 471 01ba EB       		.byte	-21
 472 01bb 02       		.byte	2
 473 01bc 00       		.byte	0
 474 01bd 46       		.byte	70
 475 01be 03       		.byte	3
 476 01bf 08       		.byte	8
 477 01c0 08       		.byte	8
 478 01c1 18       		.byte	24
 479 01c2 0A       		.byte	10
 480 01c3 B9       		.byte	-71
 481 01c4 10       		.byte	16
 482 01c5 08       		.byte	8
 483 01c6 11       		.byte	17
 484 01c7 40       		.byte	64
 485 01c8 13       		.byte	19
 486 01c9 04       		.byte	4
 487 01ca 18       		.byte	24
 488 01cb 05       		.byte	5
 489 01cc 19       		.byte	25
 490 01cd 31       		.byte	49
 491 01ce 1B       		.byte	27
 492 01cf 08       		.byte	8
 493 01d0 20       		.byte	32
 494 01d1 42       		.byte	66
 495 01d2 21       		.byte	33
 496 01d3 11       		.byte	17
 497 01d4 22       		.byte	34
 498 01d5 14       		.byte	20
 499 01d6 30       		.byte	48
 500 01d7 02       		.byte	2
 501 01d8 32       		.byte	50
 502 01d9 04       		.byte	4
 503 01da 38       		.byte	56
 504 01db 02       		.byte	2
 505 01dc 39       		.byte	57
 506 01dd 94       		.byte	-108
 507 01de 40       		.byte	64
 508 01df 45       		.byte	69
 509 01e0 42       		.byte	66
 510 01e1 10       		.byte	16
 511 01e2 45       		.byte	69
 512 01e3 04       		.byte	4
 513 01e4 46       		.byte	70
ARM GAS  C:\Users\jefer\AppData\Local\Temp\ccBWP8td.s 			page 10


 514 01e5 04       		.byte	4
 515 01e6 48       		.byte	72
 516 01e7 07       		.byte	7
 517 01e8 4D       		.byte	77
 518 01e9 09       		.byte	9
 519 01ea 4E       		.byte	78
 520 01eb 08       		.byte	8
 521 01ec 52       		.byte	82
 522 01ed 42       		.byte	66
 523 01ee 55       		.byte	85
 524 01ef 01       		.byte	1
 525 01f0 57       		.byte	87
 526 01f1 04       		.byte	4
 527 01f2 59       		.byte	89
 528 01f3 01       		.byte	1
 529 01f4 5C       		.byte	92
 530 01f5 20       		.byte	32
 531 01f6 5D       		.byte	93
 532 01f7 01       		.byte	1
 533 01f8 5E       		.byte	94
 534 01f9 08       		.byte	8
 535 01fa 5F       		.byte	95
 536 01fb 80       		.byte	-128
 537 01fc 69       		.byte	105
 538 01fd 94       		.byte	-108
 539 01fe 70       		.byte	112
 540 01ff 08       		.byte	8
 541 0200 72       		.byte	114
 542 0201 03       		.byte	3
 543 0202 73       		.byte	115
 544 0203 04       		.byte	4
 545 0204 80       		.byte	-128
 546 0205 01       		.byte	1
 547 0206 81       		.byte	-127
 548 0207 40       		.byte	64
 549 0208 84       		.byte	-124
 550 0209 20       		.byte	32
 551 020a 85       		.byte	-123
 552 020b 08       		.byte	8
 553 020c 8B       		.byte	-117
 554 020d 48       		.byte	72
 555 020e 92       		.byte	-110
 556 020f 80       		.byte	-128
 557 0210 95       		.byte	-107
 558 0211 62       		.byte	98
 559 0212 97       		.byte	-105
 560 0213 44       		.byte	68
 561 0214 9A       		.byte	-102
 562 0215 04       		.byte	4
 563 0216 9B       		.byte	-101
 564 0217 80       		.byte	-128
 565 0218 9C       		.byte	-100
 566 0219 18       		.byte	24
 567 021a 9D       		.byte	-99
 568 021b 38       		.byte	56
 569 021c 9E       		.byte	-98
 570 021d 42       		.byte	66
ARM GAS  C:\Users\jefer\AppData\Local\Temp\ccBWP8td.s 			page 11


 571 021e A0       		.byte	-96
 572 021f 04       		.byte	4
 573 0220 A1       		.byte	-95
 574 0221 04       		.byte	4
 575 0222 A2       		.byte	-94
 576 0223 0C       		.byte	12
 577 0224 A4       		.byte	-92
 578 0225 0A       		.byte	10
 579 0226 A5       		.byte	-91
 580 0227 01       		.byte	1
 581 0228 A6       		.byte	-90
 582 0229 02       		.byte	2
 583 022a A7       		.byte	-89
 584 022b 0C       		.byte	12
 585 022c C0       		.byte	-64
 586 022d 0F       		.byte	15
 587 022e C2       		.byte	-62
 588 022f 0F       		.byte	15
 589 0230 C4       		.byte	-60
 590 0231 07       		.byte	7
 591 0232 CC       		.byte	-52
 592 0233 03       		.byte	3
 593 0234 CE       		.byte	-50
 594 0235 0F       		.byte	15
 595 0236 D0       		.byte	-48
 596 0237 6F       		.byte	111
 597 0238 D2       		.byte	-46
 598 0239 24       		.byte	36
 599 023a D6       		.byte	-42
 600 023b F1       		.byte	-15
 601 023c EA       		.byte	-22
 602 023d 01       		.byte	1
 603 023e 04       		.byte	4
 604 023f 03       		.byte	3
 605 0240 06       		.byte	6
 606 0241 04       		.byte	4
 607 0242 07       		.byte	7
 608 0243 08       		.byte	8
 609 0244 08       		.byte	8
 610 0245 23       		.byte	35
 611 0246 09       		.byte	9
 612 0247 11       		.byte	17
 613 0248 0A       		.byte	10
 614 0249 04       		.byte	4
 615 024a 0B       		.byte	11
 616 024b 0E       		.byte	14
 617 024c 0C       		.byte	12
 618 024d 0A       		.byte	10
 619 024e 0E       		.byte	14
 620 024f 24       		.byte	36
 621 0250 11       		.byte	17
 622 0251 0C       		.byte	12
 623 0252 13       		.byte	19
 624 0253 13       		.byte	19
 625 0254 14       		.byte	20
 626 0255 23       		.byte	35
 627 0256 16       		.byte	22
ARM GAS  C:\Users\jefer\AppData\Local\Temp\ccBWP8td.s 			page 12


 628 0257 0C       		.byte	12
 629 0258 18       		.byte	24
 630 0259 10       		.byte	16
 631 025a 1B       		.byte	27
 632 025b 13       		.byte	19
 633 025c 1E       		.byte	30
 634 025d 08       		.byte	8
 635 025e 23       		.byte	35
 636 025f 0C       		.byte	12
 637 0260 27       		.byte	39
 638 0261 10       		.byte	16
 639 0262 28       		.byte	40
 640 0263 40       		.byte	64
 641 0264 29       		.byte	41
 642 0265 11       		.byte	17
 643 0266 2A       		.byte	42
 644 0267 05       		.byte	5
 645 0268 2B       		.byte	43
 646 0269 06       		.byte	6
 647 026a 31       		.byte	49
 648 026b 10       		.byte	16
 649 026c 32       		.byte	50
 650 026d 0F       		.byte	15
 651 026e 34       		.byte	52
 652 026f 10       		.byte	16
 653 0270 36       		.byte	54
 654 0271 60       		.byte	96
 655 0272 37       		.byte	55
 656 0273 0F       		.byte	15
 657 0274 38       		.byte	56
 658 0275 80       		.byte	-128
 659 0276 3A       		.byte	58
 660 0277 08       		.byte	8
 661 0278 3B       		.byte	59
 662 0279 80       		.byte	-128
 663 027a 3E       		.byte	62
 664 027b 10       		.byte	16
 665 027c 3F       		.byte	63
 666 027d 01       		.byte	1
 667 027e 58       		.byte	88
 668 027f 04       		.byte	4
 669 0280 59       		.byte	89
 670 0281 04       		.byte	4
 671 0282 5F       		.byte	95
 672 0283 01       		.byte	1
 673 0284 83       		.byte	-125
 674 0285 E3       		.byte	-29
 675 0286 85       		.byte	-123
 676 0287 08       		.byte	8
 677 0288 88       		.byte	-120
 678 0289 18       		.byte	24
 679 028a 89       		.byte	-119
 680 028b FF       		.byte	-1
 681 028c 8A       		.byte	-118
 682 028d 03       		.byte	3
 683 028e 8D       		.byte	-115
 684 028f 44       		.byte	68
ARM GAS  C:\Users\jefer\AppData\Local\Temp\ccBWP8td.s 			page 13


 685 0290 91       		.byte	-111
 686 0291 80       		.byte	-128
 687 0292 92       		.byte	-110
 688 0293 06       		.byte	6
 689 0294 94       		.byte	-108
 690 0295 18       		.byte	24
 691 0296 95       		.byte	-107
 692 0297 18       		.byte	24
 693 0298 96       		.byte	-106
 694 0299 05       		.byte	5
 695 029a 99       		.byte	-103
 696 029b E7       		.byte	-25
 697 029c 9A       		.byte	-102
 698 029d 02       		.byte	2
 699 029e 9B       		.byte	-101
 700 029f 18       		.byte	24
 701 02a0 9F       		.byte	-97
 702 02a1 04       		.byte	4
 703 02a2 A0       		.byte	-96
 704 02a3 16       		.byte	22
 705 02a4 A1       		.byte	-95
 706 02a5 10       		.byte	16
 707 02a6 A2       		.byte	-94
 708 02a7 01       		.byte	1
 709 02a8 A5       		.byte	-91
 710 02a9 C0       		.byte	-64
 711 02aa A9       		.byte	-87
 712 02ab 1C       		.byte	28
 713 02ac AA       		.byte	-86
 714 02ad 09       		.byte	9
 715 02ae AB       		.byte	-85
 716 02af E1       		.byte	-31
 717 02b0 AD       		.byte	-83
 718 02b1 3C       		.byte	60
 719 02b2 AF       		.byte	-81
 720 02b3 C2       		.byte	-62
 721 02b4 B0       		.byte	-80
 722 02b5 18       		.byte	24
 723 02b6 B1       		.byte	-79
 724 02b7 C0       		.byte	-64
 725 02b8 B2       		.byte	-78
 726 02b9 07       		.byte	7
 727 02ba B5       		.byte	-75
 728 02bb 38       		.byte	56
 729 02bc B7       		.byte	-73
 730 02bd 1F       		.byte	31
 731 02be B8       		.byte	-72
 732 02bf 02       		.byte	2
 733 02c0 BA       		.byte	-70
 734 02c1 08       		.byte	8
 735 02c2 BB       		.byte	-69
 736 02c3 80       		.byte	-128
 737 02c4 BE       		.byte	-66
 738 02c5 01       		.byte	1
 739 02c6 C0       		.byte	-64
 740 02c7 04       		.byte	4
 741 02c8 C6       		.byte	-58
ARM GAS  C:\Users\jefer\AppData\Local\Temp\ccBWP8td.s 			page 14


 742 02c9 40       		.byte	64
 743 02ca C9       		.byte	-55
 744 02cb FF       		.byte	-1
 745 02cc CA       		.byte	-54
 746 02cd 07       		.byte	7
 747 02ce CB       		.byte	-53
 748 02cf FF       		.byte	-1
 749 02d0 CC       		.byte	-52
 750 02d1 40       		.byte	64
 751 02d2 CD       		.byte	-51
 752 02d3 20       		.byte	32
 753 02d4 CE       		.byte	-50
 754 02d5 F0       		.byte	-16
 755 02d6 CF       		.byte	-49
 756 02d7 05       		.byte	5
 757 02d8 D0       		.byte	-48
 758 02d9 08       		.byte	8
 759 02da D4       		.byte	-44
 760 02db 18       		.byte	24
 761 02dc D6       		.byte	-42
 762 02dd 04       		.byte	4
 763 02de D8       		.byte	-40
 764 02df 04       		.byte	4
 765 02e0 D9       		.byte	-39
 766 02e1 04       		.byte	4
 767 02e2 DA       		.byte	-38
 768 02e3 04       		.byte	4
 769 02e4 DB       		.byte	-37
 770 02e5 04       		.byte	4
 771 02e6 DF       		.byte	-33
 772 02e7 01       		.byte	1
 773 02e8 E0       		.byte	-32
 774 02e9 40       		.byte	64
 775 02ea E1       		.byte	-31
 776 02eb A8       		.byte	-88
 777 02ec E2       		.byte	-30
 778 02ed 40       		.byte	64
 779 02ee E3       		.byte	-29
 780 02ef 20       		.byte	32
 781 02f0 00       		.byte	0
 782 02f1 10       		.byte	16
 783 02f2 02       		.byte	2
 784 02f3 08       		.byte	8
 785 02f4 04       		.byte	4
 786 02f5 10       		.byte	16
 787 02f6 05       		.byte	5
 788 02f7 08       		.byte	8
 789 02f8 07       		.byte	7
 790 02f9 02       		.byte	2
 791 02fa 09       		.byte	9
 792 02fb 24       		.byte	36
 793 02fc 0A       		.byte	10
 794 02fd 14       		.byte	20
 795 02fe 0B       		.byte	11
 796 02ff 80       		.byte	-128
 797 0300 0E       		.byte	14
 798 0301 11       		.byte	17
ARM GAS  C:\Users\jefer\AppData\Local\Temp\ccBWP8td.s 			page 15


 799 0302 0F       		.byte	15
 800 0303 08       		.byte	8
 801 0304 12       		.byte	18
 802 0305 04       		.byte	4
 803 0306 13       		.byte	19
 804 0307 22       		.byte	34
 805 0308 16       		.byte	22
 806 0309 04       		.byte	4
 807 030a 18       		.byte	24
 808 030b 10       		.byte	16
 809 030c 1A       		.byte	26
 810 030d 40       		.byte	64
 811 030e 1E       		.byte	30
 812 030f 19       		.byte	25
 813 0310 1F       		.byte	31
 814 0311 40       		.byte	64
 815 0312 20       		.byte	32
 816 0313 08       		.byte	8
 817 0314 22       		.byte	34
 818 0315 41       		.byte	65
 819 0316 27       		.byte	39
 820 0317 82       		.byte	-126
 821 0318 28       		.byte	40
 822 0319 10       		.byte	16
 823 031a 29       		.byte	41
 824 031b 80       		.byte	-128
 825 031c 2A       		.byte	42
 826 031d 02       		.byte	2
 827 031e 2B       		.byte	43
 828 031f 08       		.byte	8
 829 0320 2D       		.byte	45
 830 0321 08       		.byte	8
 831 0322 2E       		.byte	46
 832 0323 10       		.byte	16
 833 0324 2F       		.byte	47
 834 0325 40       		.byte	64
 835 0326 30       		.byte	48
 836 0327 0A       		.byte	10
 837 0328 31       		.byte	49
 838 0329 10       		.byte	16
 839 032a 32       		.byte	50
 840 032b 80       		.byte	-128
 841 032c 37       		.byte	55
 842 032d 22       		.byte	34
 843 032e 39       		.byte	57
 844 032f 62       		.byte	98
 845 0330 3B       		.byte	59
 846 0331 04       		.byte	4
 847 0332 3C       		.byte	60
 848 0333 10       		.byte	16
 849 0334 3E       		.byte	62
 850 0335 04       		.byte	4
 851 0336 42       		.byte	66
 852 0337 40       		.byte	64
 853 0338 51       		.byte	81
 854 0339 20       		.byte	32
 855 033a 52       		.byte	82
ARM GAS  C:\Users\jefer\AppData\Local\Temp\ccBWP8td.s 			page 16


 856 033b 04       		.byte	4
 857 033c 53       		.byte	83
 858 033d 10       		.byte	16
 859 033e 59       		.byte	89
 860 033f 80       		.byte	-128
 861 0340 5A       		.byte	90
 862 0341 82       		.byte	-126
 863 0342 60       		.byte	96
 864 0343 84       		.byte	-124
 865 0344 63       		.byte	99
 866 0345 02       		.byte	2
 867 0346 88       		.byte	-120
 868 0347 80       		.byte	-128
 869 0348 90       		.byte	-112
 870 0349 04       		.byte	4
 871 034a 95       		.byte	-107
 872 034b 40       		.byte	64
 873 034c 96       		.byte	-106
 874 034d 90       		.byte	-112
 875 034e 97       		.byte	-105
 876 034f E0       		.byte	-32
 877 0350 9C       		.byte	-100
 878 0351 08       		.byte	8
 879 0352 9D       		.byte	-99
 880 0353 20       		.byte	32
 881 0354 9E       		.byte	-98
 882 0355 40       		.byte	64
 883 0356 9F       		.byte	-97
 884 0357 02       		.byte	2
 885 0358 A2       		.byte	-94
 886 0359 80       		.byte	-128
 887 035a A3       		.byte	-93
 888 035b 01       		.byte	1
 889 035c A4       		.byte	-92
 890 035d 04       		.byte	4
 891 035e A5       		.byte	-91
 892 035f 01       		.byte	1
 893 0360 A6       		.byte	-90
 894 0361 0A       		.byte	10
 895 0362 AB       		.byte	-85
 896 0363 01       		.byte	1
 897 0364 C0       		.byte	-64
 898 0365 E2       		.byte	-30
 899 0366 C2       		.byte	-62
 900 0367 EE       		.byte	-18
 901 0368 C4       		.byte	-60
 902 0369 4A       		.byte	74
 903 036a CA       		.byte	-54
 904 036b EF       		.byte	-17
 905 036c CC       		.byte	-52
 906 036d AF       		.byte	-81
 907 036e CE       		.byte	-50
 908 036f 6F       		.byte	111
 909 0370 D0       		.byte	-48
 910 0371 01       		.byte	1
 911 0372 D6       		.byte	-42
 912 0373 01       		.byte	1
ARM GAS  C:\Users\jefer\AppData\Local\Temp\ccBWP8td.s 			page 17


 913 0374 D8       		.byte	-40
 914 0375 0D       		.byte	13
 915 0376 E2       		.byte	-30
 916 0377 20       		.byte	32
 917 0378 EC       		.byte	-20
 918 0379 04       		.byte	4
 919 037a EC       		.byte	-20
 920 037b 04       		.byte	4
 921 037c EA       		.byte	-22
 922 037d 01       		.byte	1
 923 037e 30       		.byte	48
 924 037f 10       		.byte	16
 925 0380 33       		.byte	51
 926 0381 01       		.byte	1
 927 0382 34       		.byte	52
 928 0383 40       		.byte	64
 929 0384 36       		.byte	54
 930 0385 04       		.byte	4
 931 0386 CC       		.byte	-52
 932 0387 F0       		.byte	-16
 933 0388 2C       		.byte	44
 934 0389 40       		.byte	64
 935 038a 9C       		.byte	-100
 936 038b 50       		.byte	80
 937 038c 9F       		.byte	-97
 938 038d 01       		.byte	1
 939 038e A6       		.byte	-90
 940 038f 04       		.byte	4
 941 0390 CA       		.byte	-54
 942 0391 80       		.byte	-128
 943 0392 3E       		.byte	62
 944 0393 10       		.byte	16
 945 0394 9C       		.byte	-100
 946 0395 10       		.byte	16
 947 0396 A6       		.byte	-90
 948 0397 04       		.byte	4
 949 0398 AF       		.byte	-81
 950 0399 01       		.byte	1
 951 039a CE       		.byte	-50
 952 039b 20       		.byte	32
 953 039c EA       		.byte	-22
 954 039d 40       		.byte	64
 955 039e 8C       		.byte	-116
 956 039f 01       		.byte	1
 957 03a0 96       		.byte	-106
 958 03a1 10       		.byte	16
 959 03a2 9C       		.byte	-100
 960 03a3 10       		.byte	16
 961 03a4 AA       		.byte	-86
 962 03a5 04       		.byte	4
 963 03a6 EE       		.byte	-18
 964 03a7 20       		.byte	32
 965 03a8 01       		.byte	1
 966 03a9 10       		.byte	16
 967 03aa 04       		.byte	4
 968 03ab 10       		.byte	16
 969 03ac 13       		.byte	19
ARM GAS  C:\Users\jefer\AppData\Local\Temp\ccBWP8td.s 			page 18


 970 03ad 80       		.byte	-128
 971 03ae 51       		.byte	81
 972 03af 04       		.byte	4
 973 03b0 53       		.byte	83
 974 03b1 01       		.byte	1
 975 03b2 55       		.byte	85
 976 03b3 01       		.byte	1
 977 03b4 57       		.byte	87
 978 03b5 08       		.byte	8
 979 03b6 C0       		.byte	-64
 980 03b7 03       		.byte	3
 981 03b8 C4       		.byte	-60
 982 03b9 02       		.byte	2
 983 03ba D4       		.byte	-44
 984 03bb 07       		.byte	7
 985 03bc D6       		.byte	-42
 986 03bd 04       		.byte	4
 987 03be 1B       		.byte	27
 988 03bf 04       		.byte	4
 989 03c0 90       		.byte	-112
 990 03c1 10       		.byte	16
 991 03c2 91       		.byte	-111
 992 03c3 10       		.byte	16
 993 03c4 95       		.byte	-107
 994 03c5 08       		.byte	8
 995 03c6 97       		.byte	-105
 996 03c7 02       		.byte	2
 997 03c8 A5       		.byte	-91
 998 03c9 01       		.byte	1
 999 03ca A7       		.byte	-89
 1000 03cb 08       		.byte	8
 1001 03cc AF       		.byte	-81
 1002 03cd 80       		.byte	-128
 1003 03ce C6       		.byte	-58
 1004 03cf 08       		.byte	8
 1005 03d0 8F       		.byte	-113
 1006 03d1 08       		.byte	8
 1007 03d2 90       		.byte	-112
 1008 03d3 10       		.byte	16
 1009 03d4 91       		.byte	-111
 1010 03d5 10       		.byte	16
 1011 03d6 95       		.byte	-107
 1012 03d7 08       		.byte	8
 1013 03d8 97       		.byte	-105
 1014 03d9 02       		.byte	2
 1015 03da A5       		.byte	-91
 1016 03db 01       		.byte	1
 1017 03dc A7       		.byte	-89
 1018 03dd 08       		.byte	8
 1019 03de AB       		.byte	-85
 1020 03df 04       		.byte	4
 1021 03e0 E0       		.byte	-32
 1022 03e1 08       		.byte	8
 1023 03e2 88       		.byte	-120
 1024 03e3 10       		.byte	16
 1025 03e4 90       		.byte	-112
 1026 03e5 02       		.byte	2
ARM GAS  C:\Users\jefer\AppData\Local\Temp\ccBWP8td.s 			page 19


 1027 03e6 96       		.byte	-106
 1028 03e7 10       		.byte	16
 1029 03e8 9C       		.byte	-100
 1030 03e9 10       		.byte	16
 1031 03ea 03       		.byte	3
 1032 03eb 20       		.byte	32
 1033 03ec 50       		.byte	80
 1034 03ed 01       		.byte	1
 1035 03ee 83       		.byte	-125
 1036 03ef 20       		.byte	32
 1037 03f0 90       		.byte	-112
 1038 03f1 02       		.byte	2
 1039 03f2 AA       		.byte	-86
 1040 03f3 10       		.byte	16
 1041 03f4 C0       		.byte	-64
 1042 03f5 10       		.byte	16
 1043 03f6 D4       		.byte	-44
 1044 03f7 80       		.byte	-128
 1045 03f8 E4       		.byte	-28
 1046 03f9 20       		.byte	32
 1047 03fa EA       		.byte	-22
 1048 03fb 80       		.byte	-128
 1049 03fc 11       		.byte	17
 1050 03fd 02       		.byte	2
 1051 03fe 13       		.byte	19
 1052 03ff 20       		.byte	32
 1053 0400 15       		.byte	21
 1054 0401 08       		.byte	8
 1055 0402 79       		.byte	121
 1056 0403 10       		.byte	16
 1057 0404 7C       		.byte	124
 1058 0405 10       		.byte	16
 1059 0406 90       		.byte	-112
 1060 0407 10       		.byte	16
 1061 0408 91       		.byte	-111
 1062 0409 10       		.byte	16
 1063 040a 95       		.byte	-107
 1064 040b 08       		.byte	8
 1065 040c A5       		.byte	-91
 1066 040d 01       		.byte	1
 1067 040e AB       		.byte	-85
 1068 040f 01       		.byte	1
 1069 0410 C4       		.byte	-60
 1070 0411 0E       		.byte	14
 1071 0412 DE       		.byte	-34
 1072 0413 03       		.byte	3
 1073 0414 AB       		.byte	-85
 1074 0415 20       		.byte	32
 1075 0416 00       		.byte	0
 1076 0417 03       		.byte	3
 1077 0418 0A       		.byte	10
 1078 0419 03       		.byte	3
 1079 041a 10       		.byte	16
 1080 041b 01       		.byte	1
 1081 041c 1A       		.byte	26
 1082 041d 01       		.byte	1
 1083 041e 00       		.byte	0
ARM GAS  C:\Users\jefer\AppData\Local\Temp\ccBWP8td.s 			page 20


 1084 041f FF       		.byte	-1
 1085 0420 03       		.byte	3
 1086 0421 C0       		.byte	-64
 1087 0422 00       		.byte	0
 1088 0423 00       		.byte	0
 1089 0424 00       		.byte	0
 1090 0425 00       		.byte	0
 1091 0426 01       		.byte	1
 1092 0427 01       		.byte	1
 1093 0428 01       		.byte	1
 1094 0429 01       		.byte	1
 1095 042a 01       		.byte	1
 1096 042b 01       		.byte	1
 1097 042c 02       		.byte	2
 1098 042d 09       		.byte	9
 1099 042e 80       		.byte	-128
 1100 042f 06       		.byte	6
 1101 0430 33       		.byte	51
 1102 0431 3F       		.byte	63
 1103 0432 0C       		.byte	12
 1104 0433 00       		.byte	0
 1105 0434 1F       		.byte	31
 1106 0435 3F       		.byte	63
 1107 0436 20       		.byte	32
 1108 0437 00       		.byte	0
 1109 0438 00       		.byte	0
 1110 0439 20       		.byte	32
 1111 043a 23       		.byte	35
 1112 043b 00       		.byte	0
 1113 043c 1C       		.byte	28
 1114 043d 12       		.byte	18
 1115 043e 23       		.byte	35
 1116 043f 05       		.byte	5
 1117 0440 3F       		.byte	63
 1118 0441 04       		.byte	4
 1119 0442 00       		.byte	0
 1120 0443 18       		.byte	24
 1121 0444 03       		.byte	3
 1122 0445 00       		.byte	0
 1123 0446 40       		.byte	64
 1124 0447 00       		.byte	0
 1125 0448 08       		.byte	8
 1126 0449 00       		.byte	0
 1127 044a 00       		.byte	0
 1128 044b 00       		.byte	0
 1129 044c 00       		.byte	0
 1130 044d 00       		.byte	0
 1131 044e 00       		.byte	0
 1132 044f 00       		.byte	0
 1133 0450 04       		.byte	4
 1134 0451 00       		.byte	0
 1135 0452 00       		.byte	0
 1136 0453 00       		.byte	0
 1137 0454 0C       		.byte	12
 1138 0455 00       		.byte	0
 1139 0456 00       		.byte	0
 1140 0457 00       		.byte	0
ARM GAS  C:\Users\jefer\AppData\Local\Temp\ccBWP8td.s 			page 21


 1141 0458 01       		.byte	1
 1142 0459 00       		.byte	0
 1143 045a 80       		.byte	-128
 1144 045b 00       		.byte	0
 1145 045c 10       		.byte	16
 1146 045d 20       		.byte	32
 1147 045e 2C       		.byte	44
 1148 045f 1C       		.byte	28
 1149 0460 0F       		.byte	15
 1150 0461 00       		.byte	0
 1151 0462 C0       		.byte	-64
 1152 0463 03       		.byte	3
 1153 0464 00       		.byte	0
 1154 0465 00       		.byte	0
 1155 0466 28       		.byte	40
 1156 0467 20       		.byte	32
 1157 0468 00       		.byte	0
 1158 0469 00       		.byte	0
 1159 046a 41       		.byte	65
 1160 046b 00       		.byte	0
 1161 046c 24       		.byte	36
 1162 046d 03       		.byte	3
 1163 046e 06       		.byte	6
 1164 046f 00       		.byte	0
 1165 0470 01       		.byte	1
 1166 0471 00       		.byte	0
 1167 0472 0E       		.byte	14
 1168 0473 C0       		.byte	-64
 1169 0474 24       		.byte	36
 1170 0475 FF       		.byte	-1
 1171 0476 FF       		.byte	-1
 1172 0477 FF       		.byte	-1
 1173 0478 62       		.byte	98
 1174 0479 A0       		.byte	-96
 1175 047a F0       		.byte	-16
 1176 047b 41       		.byte	65
 1177 047c 0C       		.byte	12
 1178 047d 00       		.byte	0
 1179 047e 00       		.byte	0
 1180 047f 00       		.byte	0
 1181 0480 00       		.byte	0
 1182 0481 00       		.byte	0
 1183 0482 02       		.byte	2
 1184 0483 13       		.byte	19
 1185 0484 04       		.byte	4
 1186 0485 04       		.byte	4
 1187 0486 04       		.byte	4
 1188 0487 04       		.byte	4
 1189 0488 00       		.byte	0
 1190 0489 00       		.byte	0
 1191 048a 00       		.byte	0
 1192 048b 01       		.byte	1
 1193 048c 00       		.byte	0
 1194 048d 00       		.byte	0
 1195 048e 00       		.byte	0
 1196 048f 00       		.byte	0
 1197 0490 00       		.byte	0
ARM GAS  C:\Users\jefer\AppData\Local\Temp\ccBWP8td.s 			page 22


 1198 0491 00       		.byte	0
 1199 0492 40       		.byte	64
 1200 0493 02       		.byte	2
 1201 0494 00       		.byte	0
 1202 0495 10       		.byte	16
 1203 0496 30       		.byte	48
 1204 0497 10       		.byte	16
 1205 0498 00       		.byte	0
 1206 0499 10       		.byte	16
 1207 049a 10       		.byte	16
 1208 049b 12       		.byte	18
 1209 049c 00       		.byte	0
 1210 049d 00       		.byte	0
 1211 049e 00       		.byte	0
 1212 049f 00       		.byte	0
 1213 04a0 00       		.byte	0
 1214 04a1 00       		.byte	0
 1215 04a2 00       		.byte	0
 1216 04a3 00       		.byte	0
 1217 04a4 00       		.byte	0
 1218 04a5 00       		.byte	0
 1219 04a6 00       		.byte	0
 1220 04a7 00       		.byte	0
 1221 04a8 00       		.byte	0
 1222 04a9 00       		.byte	0
 1223 04aa 00       		.byte	0
 1224 04ab 00       		.byte	0
 1225 04ac FC       		.byte	-4
 1226 04ad 00       		.byte	0
 1227 04ae 00       		.byte	0
 1228 04af FC       		.byte	-4
 1229 04b0 00       		.byte	0
 1230 04b1 00       		.byte	0
 1231 04b2 00       		.byte	0
 1232 04b3 00       		.byte	0
 1233 04b4 00       		.byte	0
 1234 04b5 00       		.byte	0
 1235 04b6 00       		.byte	0
 1236 04b7 00       		.byte	0
 1237 04b8 00       		.byte	0
 1238 04b9 7F       		.byte	127
 1239 04ba 7F       		.byte	127
 1240 04bb 00       		.byte	0
 1241 04bc 00       		.byte	0
 1242 04bd 00       		.byte	0
 1243 04be 00       		.byte	0
 1244 04bf 00       		.byte	0
 1245 04c0 00       		.byte	0
 1246 04c1 FB       		.byte	-5
 1247 04c2 FB       		.byte	-5
 1248 04c3 00       		.byte	0
 1249 04c4 00       		.byte	0
 1250 04c5 00       		.byte	0
 1251 04c6 00       		.byte	0
 1252 04c7 00       		.byte	0
 1253 04c8 20       		.byte	32
 1254 04c9 00       		.byte	0
ARM GAS  C:\Users\jefer\AppData\Local\Temp\ccBWP8td.s 			page 23


 1255 04ca 00       		.byte	0
 1256 04cb 23       		.byte	35
 1257 04cc 0F       		.byte	15
 1258 04cd 00       		.byte	0
 1259 04ce 0F       		.byte	15
 1260 04cf 00       		.byte	0
 1261 04d0 10       		.byte	16
 1262 04d1 00       		.byte	0
 1263 04d2 00       		.byte	0
 1264 04d3 00       		.byte	0
 1265 04d4 02       		.byte	2
 1266 04d5 00       		.byte	0
 1267 04d6 01       		.byte	1
 1268 04d7 02       		.byte	2
 1269 04d8 02       		.byte	2
 1270 04d9 00       		.byte	0
 1271 04da 02       		.byte	2
 1272 04db 00       		.byte	0
 1273 04dc 00       		.byte	0
 1274 04dd 00       		.byte	0
 1275 04de 00       		.byte	0
 1276 04df 00       		.byte	0
 1277 04e0 10       		.byte	16
 1278 04e1 00       		.byte	0
 1279 04e2 18       		.byte	24
 1280 04e3 01       		.byte	1
 1281              		.section	.cywolatch,"a",%progbits
 1282              		.align	2
 1283              		.type	cy_meta_wonvl, %object
 1284              		.size	cy_meta_wonvl, 4
 1285              	cy_meta_wonvl:
 1286 0000 BC       		.byte	-68
 1287 0001 90       		.byte	-112
 1288 0002 AC       		.byte	-84
 1289 0003 AF       		.byte	-81
 1290              		.section	.cycustnvl,"a",%progbits
 1291              		.align	2
 1292              		.type	cy_meta_custnvl, %object
 1293              		.size	cy_meta_custnvl, 4
 1294              	cy_meta_custnvl:
 1295 0000 00       		.byte	0
 1296 0001 00       		.byte	0
 1297 0002 40       		.byte	64
 1298 0003 05       		.byte	5
 1299              		.section	.cymeta,"a",%progbits
 1300              		.align	2
 1301              		.type	cy_metadata, %object
 1302              		.size	cy_metadata, 12
 1303              	cy_metadata:
 1304 0000 00       		.byte	0
 1305 0001 01       		.byte	1
 1306 0002 2E       		.byte	46
 1307 0003 16       		.byte	22
 1308 0004 10       		.byte	16
 1309 0005 69       		.byte	105
 1310 0006 00       		.byte	0
 1311 0007 01       		.byte	1
ARM GAS  C:\Users\jefer\AppData\Local\Temp\ccBWP8td.s 			page 24


 1312 0008 00       		.byte	0
 1313 0009 00       		.byte	0
 1314 000a 00       		.byte	0
 1315 000b 00       		.byte	0
 1316              		.section	.cyflashprotect,"a",%progbits
 1317              		.align	2
 1318              		.type	cy_meta_flashprotect, %object
 1319              		.size	cy_meta_flashprotect, 256
 1320              	cy_meta_flashprotect:
 1321 0000 00000000 		.space	256
 1321      00000000 
 1321      00000000 
 1321      00000000 
 1321      00000000 
 1322              		.text
 1323              	.Letext0:
 1324              		.file 1 "c:\\program files (x86)\\cypress\\psoc creator\\4.2\\psoc creator\\import\\gnu\\arm\\5.4.
 1325              		.file 2 "c:\\program files (x86)\\cypress\\psoc creator\\4.2\\psoc creator\\import\\gnu\\arm\\5.4.
 1326              		.file 3 "Generated_Source\\PSoC5\\cymetadata.c"
 1327              		.section	.debug_info,"",%progbits
 1328              	.Ldebug_info0:
 1329 0000 32010000 		.4byte	0x132
 1330 0004 0400     		.2byte	0x4
 1331 0006 00000000 		.4byte	.Ldebug_abbrev0
 1332 000a 04       		.byte	0x4
 1333 000b 01       		.uleb128 0x1
 1334 000c 2C000000 		.4byte	.LASF17
 1335 0010 0C       		.byte	0xc
 1336 0011 C9010000 		.4byte	.LASF18
 1337 0015 25010000 		.4byte	.LASF19
 1338 0019 00000000 		.4byte	.Ldebug_line0
 1339 001d 02       		.uleb128 0x2
 1340 001e 01       		.byte	0x1
 1341 001f 06       		.byte	0x6
 1342 0020 BD010000 		.4byte	.LASF0
 1343 0024 03       		.uleb128 0x3
 1344 0025 00000000 		.4byte	.LASF9
 1345 0029 01       		.byte	0x1
 1346 002a 1D       		.byte	0x1d
 1347 002b 2F000000 		.4byte	0x2f
 1348 002f 02       		.uleb128 0x2
 1349 0030 01       		.byte	0x1
 1350 0031 08       		.byte	0x8
 1351 0032 1E000000 		.4byte	.LASF1
 1352 0036 02       		.uleb128 0x2
 1353 0037 02       		.byte	0x2
 1354 0038 05       		.byte	0x5
 1355 0039 AA010000 		.4byte	.LASF2
 1356 003d 02       		.uleb128 0x2
 1357 003e 02       		.byte	0x2
 1358 003f 07       		.byte	0x7
 1359 0040 CC000000 		.4byte	.LASF3
 1360 0044 02       		.uleb128 0x2
 1361 0045 04       		.byte	0x4
 1362 0046 05       		.byte	0x5
 1363 0047 B4010000 		.4byte	.LASF4
 1364 004b 02       		.uleb128 0x2
ARM GAS  C:\Users\jefer\AppData\Local\Temp\ccBWP8td.s 			page 25


 1365 004c 04       		.byte	0x4
 1366 004d 07       		.byte	0x7
 1367 004e BA000000 		.4byte	.LASF5
 1368 0052 02       		.uleb128 0x2
 1369 0053 08       		.byte	0x8
 1370 0054 05       		.byte	0x5
 1371 0055 9C010000 		.4byte	.LASF6
 1372 0059 02       		.uleb128 0x2
 1373 005a 08       		.byte	0x8
 1374 005b 07       		.byte	0x7
 1375 005c 0E010000 		.4byte	.LASF7
 1376 0060 04       		.uleb128 0x4
 1377 0061 04       		.byte	0x4
 1378 0062 05       		.byte	0x5
 1379 0063 696E7400 		.ascii	"int\000"
 1380 0067 02       		.uleb128 0x2
 1381 0068 04       		.byte	0x4
 1382 0069 07       		.byte	0x7
 1383 006a 01010000 		.4byte	.LASF8
 1384 006e 03       		.uleb128 0x3
 1385 006f 0A000000 		.4byte	.LASF10
 1386 0073 02       		.byte	0x2
 1387 0074 18       		.byte	0x18
 1388 0075 24000000 		.4byte	0x24
 1389 0079 05       		.uleb128 0x5
 1390 007a 91000000 		.4byte	0x91
 1391 007e 8A000000 		.4byte	0x8a
 1392 0082 06       		.uleb128 0x6
 1393 0083 8A000000 		.4byte	0x8a
 1394 0087 E304     		.2byte	0x4e3
 1395 0089 00       		.byte	0
 1396 008a 02       		.uleb128 0x2
 1397 008b 04       		.byte	0x4
 1398 008c 07       		.byte	0x7
 1399 008d 93010000 		.4byte	.LASF11
 1400 0091 07       		.uleb128 0x7
 1401 0092 6E000000 		.4byte	0x6e
 1402 0096 08       		.uleb128 0x8
 1403 0097 EF000000 		.4byte	.LASF12
 1404 009b 03       		.byte	0x3
 1405 009c 1F       		.byte	0x1f
 1406 009d A7000000 		.4byte	0xa7
 1407 00a1 05       		.uleb128 0x5
 1408 00a2 03       		.byte	0x3
 1409 00a3 00000000 		.4byte	cy_meta_configecc
 1410 00a7 07       		.uleb128 0x7
 1411 00a8 79000000 		.4byte	0x79
 1412 00ac 05       		.uleb128 0x5
 1413 00ad 91000000 		.4byte	0x91
 1414 00b1 BC000000 		.4byte	0xbc
 1415 00b5 09       		.uleb128 0x9
 1416 00b6 8A000000 		.4byte	0x8a
 1417 00ba 03       		.byte	0x3
 1418 00bb 00       		.byte	0
 1419 00bc 08       		.uleb128 0x8
 1420 00bd DF000000 		.4byte	.LASF13
 1421 00c1 03       		.byte	0x3
ARM GAS  C:\Users\jefer\AppData\Local\Temp\ccBWP8td.s 			page 26


 1422 00c2 C9       		.byte	0xc9
 1423 00c3 CD000000 		.4byte	0xcd
 1424 00c7 05       		.uleb128 0x5
 1425 00c8 03       		.byte	0x3
 1426 00c9 00000000 		.4byte	cy_meta_custnvl
 1427 00cd 07       		.uleb128 0x7
 1428 00ce AC000000 		.4byte	0xac
 1429 00d2 08       		.uleb128 0x8
 1430 00d3 85010000 		.4byte	.LASF14
 1431 00d7 03       		.byte	0x3
 1432 00d8 D7       		.byte	0xd7
 1433 00d9 E3000000 		.4byte	0xe3
 1434 00dd 05       		.uleb128 0x5
 1435 00de 03       		.byte	0x3
 1436 00df 00000000 		.4byte	cy_meta_wonvl
 1437 00e3 07       		.uleb128 0x7
 1438 00e4 AC000000 		.4byte	0xac
 1439 00e8 05       		.uleb128 0x5
 1440 00e9 91000000 		.4byte	0x91
 1441 00ed F8000000 		.4byte	0xf8
 1442 00f1 09       		.uleb128 0x9
 1443 00f2 8A000000 		.4byte	0x8a
 1444 00f6 FF       		.byte	0xff
 1445 00f7 00       		.byte	0
 1446 00f8 08       		.uleb128 0x8
 1447 00f9 70010000 		.4byte	.LASF15
 1448 00fd 03       		.byte	0x3
 1449 00fe E5       		.byte	0xe5
 1450 00ff 09010000 		.4byte	0x109
 1451 0103 05       		.uleb128 0x5
 1452 0104 03       		.byte	0x3
 1453 0105 00000000 		.4byte	cy_meta_flashprotect
 1454 0109 07       		.uleb128 0x7
 1455 010a E8000000 		.4byte	0xe8
 1456 010e 05       		.uleb128 0x5
 1457 010f 91000000 		.4byte	0x91
 1458 0113 1E010000 		.4byte	0x11e
 1459 0117 09       		.uleb128 0x9
 1460 0118 8A000000 		.4byte	0x8a
 1461 011c 0B       		.byte	0xb
 1462 011d 00       		.byte	0
 1463 011e 0A       		.uleb128 0xa
 1464 011f 12000000 		.4byte	.LASF16
 1465 0123 03       		.byte	0x3
 1466 0124 1201     		.2byte	0x112
 1467 0126 30010000 		.4byte	0x130
 1468 012a 05       		.uleb128 0x5
 1469 012b 03       		.byte	0x3
 1470 012c 00000000 		.4byte	cy_metadata
 1471 0130 07       		.uleb128 0x7
 1472 0131 0E010000 		.4byte	0x10e
 1473 0135 00       		.byte	0
 1474              		.section	.debug_abbrev,"",%progbits
 1475              	.Ldebug_abbrev0:
 1476 0000 01       		.uleb128 0x1
 1477 0001 11       		.uleb128 0x11
 1478 0002 01       		.byte	0x1
ARM GAS  C:\Users\jefer\AppData\Local\Temp\ccBWP8td.s 			page 27


 1479 0003 25       		.uleb128 0x25
 1480 0004 0E       		.uleb128 0xe
 1481 0005 13       		.uleb128 0x13
 1482 0006 0B       		.uleb128 0xb
 1483 0007 03       		.uleb128 0x3
 1484 0008 0E       		.uleb128 0xe
 1485 0009 1B       		.uleb128 0x1b
 1486 000a 0E       		.uleb128 0xe
 1487 000b 10       		.uleb128 0x10
 1488 000c 17       		.uleb128 0x17
 1489 000d 00       		.byte	0
 1490 000e 00       		.byte	0
 1491 000f 02       		.uleb128 0x2
 1492 0010 24       		.uleb128 0x24
 1493 0011 00       		.byte	0
 1494 0012 0B       		.uleb128 0xb
 1495 0013 0B       		.uleb128 0xb
 1496 0014 3E       		.uleb128 0x3e
 1497 0015 0B       		.uleb128 0xb
 1498 0016 03       		.uleb128 0x3
 1499 0017 0E       		.uleb128 0xe
 1500 0018 00       		.byte	0
 1501 0019 00       		.byte	0
 1502 001a 03       		.uleb128 0x3
 1503 001b 16       		.uleb128 0x16
 1504 001c 00       		.byte	0
 1505 001d 03       		.uleb128 0x3
 1506 001e 0E       		.uleb128 0xe
 1507 001f 3A       		.uleb128 0x3a
 1508 0020 0B       		.uleb128 0xb
 1509 0021 3B       		.uleb128 0x3b
 1510 0022 0B       		.uleb128 0xb
 1511 0023 49       		.uleb128 0x49
 1512 0024 13       		.uleb128 0x13
 1513 0025 00       		.byte	0
 1514 0026 00       		.byte	0
 1515 0027 04       		.uleb128 0x4
 1516 0028 24       		.uleb128 0x24
 1517 0029 00       		.byte	0
 1518 002a 0B       		.uleb128 0xb
 1519 002b 0B       		.uleb128 0xb
 1520 002c 3E       		.uleb128 0x3e
 1521 002d 0B       		.uleb128 0xb
 1522 002e 03       		.uleb128 0x3
 1523 002f 08       		.uleb128 0x8
 1524 0030 00       		.byte	0
 1525 0031 00       		.byte	0
 1526 0032 05       		.uleb128 0x5
 1527 0033 01       		.uleb128 0x1
 1528 0034 01       		.byte	0x1
 1529 0035 49       		.uleb128 0x49
 1530 0036 13       		.uleb128 0x13
 1531 0037 01       		.uleb128 0x1
 1532 0038 13       		.uleb128 0x13
 1533 0039 00       		.byte	0
 1534 003a 00       		.byte	0
 1535 003b 06       		.uleb128 0x6
ARM GAS  C:\Users\jefer\AppData\Local\Temp\ccBWP8td.s 			page 28


 1536 003c 21       		.uleb128 0x21
 1537 003d 00       		.byte	0
 1538 003e 49       		.uleb128 0x49
 1539 003f 13       		.uleb128 0x13
 1540 0040 2F       		.uleb128 0x2f
 1541 0041 05       		.uleb128 0x5
 1542 0042 00       		.byte	0
 1543 0043 00       		.byte	0
 1544 0044 07       		.uleb128 0x7
 1545 0045 26       		.uleb128 0x26
 1546 0046 00       		.byte	0
 1547 0047 49       		.uleb128 0x49
 1548 0048 13       		.uleb128 0x13
 1549 0049 00       		.byte	0
 1550 004a 00       		.byte	0
 1551 004b 08       		.uleb128 0x8
 1552 004c 34       		.uleb128 0x34
 1553 004d 00       		.byte	0
 1554 004e 03       		.uleb128 0x3
 1555 004f 0E       		.uleb128 0xe
 1556 0050 3A       		.uleb128 0x3a
 1557 0051 0B       		.uleb128 0xb
 1558 0052 3B       		.uleb128 0x3b
 1559 0053 0B       		.uleb128 0xb
 1560 0054 49       		.uleb128 0x49
 1561 0055 13       		.uleb128 0x13
 1562 0056 3F       		.uleb128 0x3f
 1563 0057 19       		.uleb128 0x19
 1564 0058 02       		.uleb128 0x2
 1565 0059 18       		.uleb128 0x18
 1566 005a 00       		.byte	0
 1567 005b 00       		.byte	0
 1568 005c 09       		.uleb128 0x9
 1569 005d 21       		.uleb128 0x21
 1570 005e 00       		.byte	0
 1571 005f 49       		.uleb128 0x49
 1572 0060 13       		.uleb128 0x13
 1573 0061 2F       		.uleb128 0x2f
 1574 0062 0B       		.uleb128 0xb
 1575 0063 00       		.byte	0
 1576 0064 00       		.byte	0
 1577 0065 0A       		.uleb128 0xa
 1578 0066 34       		.uleb128 0x34
 1579 0067 00       		.byte	0
 1580 0068 03       		.uleb128 0x3
 1581 0069 0E       		.uleb128 0xe
 1582 006a 3A       		.uleb128 0x3a
 1583 006b 0B       		.uleb128 0xb
 1584 006c 3B       		.uleb128 0x3b
 1585 006d 05       		.uleb128 0x5
 1586 006e 49       		.uleb128 0x49
 1587 006f 13       		.uleb128 0x13
 1588 0070 3F       		.uleb128 0x3f
 1589 0071 19       		.uleb128 0x19
 1590 0072 02       		.uleb128 0x2
 1591 0073 18       		.uleb128 0x18
 1592 0074 00       		.byte	0
ARM GAS  C:\Users\jefer\AppData\Local\Temp\ccBWP8td.s 			page 29


 1593 0075 00       		.byte	0
 1594 0076 00       		.byte	0
 1595              		.section	.debug_aranges,"",%progbits
 1596 0000 14000000 		.4byte	0x14
 1597 0004 0200     		.2byte	0x2
 1598 0006 00000000 		.4byte	.Ldebug_info0
 1599 000a 04       		.byte	0x4
 1600 000b 00       		.byte	0
 1601 000c 0000     		.2byte	0
 1602 000e 0000     		.2byte	0
 1603 0010 00000000 		.4byte	0
 1604 0014 00000000 		.4byte	0
 1605              		.section	.debug_line,"",%progbits
 1606              	.Ldebug_line0:
 1607 0000 3D010000 		.section	.debug_str,"MS",%progbits,1
 1607      02003701 
 1607      00000201 
 1607      FB0E0D00 
 1607      01010101 
 1608              	.LASF9:
 1609 0000 5F5F7569 		.ascii	"__uint8_t\000"
 1609      6E74385F 
 1609      7400
 1610              	.LASF10:
 1611 000a 75696E74 		.ascii	"uint8_t\000"
 1611      385F7400 
 1612              	.LASF16:
 1613 0012 63795F6D 		.ascii	"cy_metadata\000"
 1613      65746164 
 1613      61746100 
 1614              	.LASF1:
 1615 001e 756E7369 		.ascii	"unsigned char\000"
 1615      676E6564 
 1615      20636861 
 1615      7200
 1616              	.LASF17:
 1617 002c 474E5520 		.ascii	"GNU C11 5.4.1 20160609 (release) [ARM/embedded-5-br"
 1617      43313120 
 1617      352E342E 
 1617      31203230 
 1617      31363036 
 1618 005f 616E6368 		.ascii	"anch revision 237715] -mcpu=cortex-m3 -mthumb -g -O"
 1618      20726576 
 1618      6973696F 
 1618      6E203233 
 1618      37373135 
 1619 0092 67202D66 		.ascii	"g -ffunction-sections -ffat-lto-objects\000"
 1619      66756E63 
 1619      74696F6E 
 1619      2D736563 
 1619      74696F6E 
 1620              	.LASF5:
 1621 00ba 6C6F6E67 		.ascii	"long unsigned int\000"
 1621      20756E73 
 1621      69676E65 
 1621      6420696E 
 1621      7400
ARM GAS  C:\Users\jefer\AppData\Local\Temp\ccBWP8td.s 			page 30


 1622              	.LASF3:
 1623 00cc 73686F72 		.ascii	"short unsigned int\000"
 1623      7420756E 
 1623      7369676E 
 1623      65642069 
 1623      6E7400
 1624              	.LASF13:
 1625 00df 63795F6D 		.ascii	"cy_meta_custnvl\000"
 1625      6574615F 
 1625      63757374 
 1625      6E766C00 
 1626              	.LASF12:
 1627 00ef 63795F6D 		.ascii	"cy_meta_configecc\000"
 1627      6574615F 
 1627      636F6E66 
 1627      69676563 
 1627      6300
 1628              	.LASF8:
 1629 0101 756E7369 		.ascii	"unsigned int\000"
 1629      676E6564 
 1629      20696E74 
 1629      00
 1630              	.LASF7:
 1631 010e 6C6F6E67 		.ascii	"long long unsigned int\000"
 1631      206C6F6E 
 1631      6720756E 
 1631      7369676E 
 1631      65642069 
 1632              	.LASF19:
 1633 0125 433A5C55 		.ascii	"C:\\Users\\jefer\\OneDrive\\Documentos\\PSoC Creato"
 1633      73657273 
 1633      5C6A6566 
 1633      65725C4F 
 1633      6E654472 
 1634 0153 725C576F 		.ascii	"r\\Workspace01\\Design01.cydsn\000"
 1634      726B7370 
 1634      61636530 
 1634      315C4465 
 1634      7369676E 
 1635              	.LASF15:
 1636 0170 63795F6D 		.ascii	"cy_meta_flashprotect\000"
 1636      6574615F 
 1636      666C6173 
 1636      6870726F 
 1636      74656374 
 1637              	.LASF14:
 1638 0185 63795F6D 		.ascii	"cy_meta_wonvl\000"
 1638      6574615F 
 1638      776F6E76 
 1638      6C00
 1639              	.LASF11:
 1640 0193 73697A65 		.ascii	"sizetype\000"
 1640      74797065 
 1640      00
 1641              	.LASF6:
 1642 019c 6C6F6E67 		.ascii	"long long int\000"
 1642      206C6F6E 
ARM GAS  C:\Users\jefer\AppData\Local\Temp\ccBWP8td.s 			page 31


 1642      6720696E 
 1642      7400
 1643              	.LASF2:
 1644 01aa 73686F72 		.ascii	"short int\000"
 1644      7420696E 
 1644      7400
 1645              	.LASF4:
 1646 01b4 6C6F6E67 		.ascii	"long int\000"
 1646      20696E74 
 1646      00
 1647              	.LASF0:
 1648 01bd 7369676E 		.ascii	"signed char\000"
 1648      65642063 
 1648      68617200 
 1649              	.LASF18:
 1650 01c9 47656E65 		.ascii	"Generated_Source\\PSoC5\\cymetadata.c\000"
 1650      72617465 
 1650      645F536F 
 1650      75726365 
 1650      5C50536F 
 1651              		.ident	"GCC: (GNU Tools for ARM Embedded Processors) 5.4.1 20160609 (release) [ARM/embedded-5-bran
